==== INFO: Connected to MongoDB instance ====
==== INFO: Fetched 19 elements from https://apis.digital.gob.cl/fl/feriados/2020 ====
==== INFO: 19 elements were added to collection ====
====  Todos los Feriados de 2020 ====
====  El día de Todos los Días Domingos es un feriado de tipo Civil y se celebra el 2020-01-01 ====
====  El día de Año Nuevo es un feriado de tipo Civil y se celebra el 2020-01-01 ====
====  El día de Viernes Santo es un feriado de tipo Religioso y se celebra el 2020-04-10 ====
====  El día de Sabado Santo es un feriado de tipo Religioso y se celebra el 2020-04-11 ====
====  El día de Plebiscito Constitucional es un feriado de tipo Civil y se celebra el 2020-04-26 ====
====  El día de Día Nacional del Trabajo es un feriado de tipo Civil y se celebra el 2020-05-01 ====
====  El día de Día de las Glorias Navales es un feriado de tipo Civil y se celebra el 2020-05-21 ====
====  El día de Elecciones Primarias de Alcalde es un feriado de tipo Civil y se celebra el 2020-06-07 ====
====  El día de San Pedro y San Pablo es un feriado de tipo Religioso y se celebra el 2020-06-29 ====
====  El día de Día de la Virgen del Carmen es un feriado de tipo Religioso y se celebra el 2020-07-16 ====
====  El día de Asunción de la Virgen es un feriado de tipo Religioso y se celebra el 2020-08-15 ====
====  El día de Independencia Nacional es un feriado de tipo Civil y se celebra el 2020-09-18 ====
====  El día de Día de las Glorias del Ejercito es un feriado de tipo Civil y se celebra el 2020-09-19 ====
====  El día de Encuentro de Dos Mundos es un feriado de tipo Civil y se celebra el 2020-10-12 ====
====  El día de Elecciones Municipales es un feriado de tipo Civil y se celebra el 2020-10-25 ====
====  El día de Día de las Iglesias Evangélicas y Protestantes es un feriado de tipo Religioso y se celebra el 2020-10-31 ====
====  El día de Día de Todos los Santos es un feriado de tipo Religioso y se celebra el 2020-11-01 ====
====  El día de Inmaculada Concepción es un feriado de tipo Religioso y se celebra el 2020-12-08 ====
====  El día de Navidad es un feriado de tipo Religioso y se celebra el 2020-12-25 ====
====  Solo los Feriados Civiles de 2020 ====
====  El día de Todos los Días Domingos es un feriado de tipo Civil y se celebra el 2020-01-01 ====
====  El día de Año Nuevo es un feriado de tipo Civil y se celebra el 2020-01-01 ====
====  El día de Plebiscito Constitucional es un feriado de tipo Civil y se celebra el 2020-04-26 ====
====  El día de Día Nacional del Trabajo es un feriado de tipo Civil y se celebra el 2020-05-01 ====
====  El día de Día de las Glorias Navales es un feriado de tipo Civil y se celebra el 2020-05-21 ====
====  El día de Elecciones Primarias de Alcalde es un feriado de tipo Civil y se celebra el 2020-06-07 ====
====  El día de Independencia Nacional es un feriado de tipo Civil y se celebra el 2020-09-18 ====
====  El día de Día de las Glorias del Ejercito es un feriado de tipo Civil y se celebra el 2020-09-19 ====
====  El día de Encuentro de Dos Mundos es un feriado de tipo Civil y se celebra el 2020-10-12 ====
====  El día de Elecciones Municipales es un feriado de tipo Civil y se celebra el 2020-10-25 ====
====  Solo los Feriados Irrenunciables de 2020 ====
====  El día de Año Nuevo es un feriado de tipo Civil y se celebra el 2020-01-01 ====
====  El día de Plebiscito Constitucional es un feriado de tipo Civil y se celebra el 2020-04-26 ====
====  El día de Día Nacional del Trabajo es un feriado de tipo Civil y se celebra el 2020-05-01 ====
====  El día de Elecciones Primarias de Alcalde es un feriado de tipo Civil y se celebra el 2020-06-07 ====
====  El día de Independencia Nacional es un feriado de tipo Civil y se celebra el 2020-09-18 ====
====  El día de Día de las Glorias del Ejercito es un feriado de tipo Civil y se celebra el 2020-09-19 ====
====  El día de Elecciones Municipales es un feriado de tipo Civil y se celebra el 2020-10-25 ====
====  El día de Navidad es un feriado de tipo Religioso y se celebra el 2020-12-25 ====
====  Solo los Feriados que incluyen "Santo" o "Santos" ====
====  El día de Viernes Santo es un feriado de tipo Religioso y se celebra el 2020-04-10 ====
====  El día de Sabado Santo es un feriado de tipo Religioso y se celebra el 2020-04-11 ====
====  El día de Día de Todos los Santos es un feriado de tipo Religioso y se celebra el 2020-11-01 ====
====  Leyes relacionadas con el Plebiscito de Abril ====
====  El día de Plebiscito Constitucional es un feriado de tipo Civil y se celebra el 2020-04-26 ====
====  El día de Elecciones Primarias de Alcalde es un feriado de tipo Civil y se celebra el 2020-06-07 ====
====  El día de Elecciones Municipales es un feriado de tipo Civil y se celebra el 2020-10-25 ====
